<?xml version="1.0" encoding="UTF-8"?>
<!-- Generated by org.testng.reporters.JUnitReportReporter -->
<testsuite hostname="Ramizs-MacBook-Air.local" failures="0" tests="2" name="testRunner.UnitTest" time="14.610" errors="2" timestamp="25 Aug 2019 08:58:53 GMT">
  <testcase classname="testRunner.UnitTest" name="runScenario" time="6.350">
    <error message="Receiver class cucumber.runtime.java.JavaStepDefinition does not define or inherit an implementation of the resolved method abstract matchedArguments(Lgherkin/pickles/PickleStep;)Ljava/util/List; of interface cucumber.runtime.StepDefinition." type="java.lang.AbstractMethodError">
      <![CDATA[java.lang.AbstractMethodError: Receiver class cucumber.runtime.java.JavaStepDefinition does not define or inherit an implementation of the resolved method abstract matchedArguments(Lgherkin/pickles/PickleStep;)Ljava/util/List; of interface cucumber.runtime.StepDefinition.
	at cucumber.runtime.RuntimeGlue.stepDefinitionMatches(RuntimeGlue.java:77)
	at cucumber.runtime.RuntimeGlue.stepDefinitionMatch(RuntimeGlue.java:63)
	at cucumber.runner.Runner.addTestStepsForPickleSteps(Runner.java:109)
	at cucumber.runner.Runner.createTestCaseForPickle(Runner.java:98)
	at cucumber.runner.Runner.runPickle(Runner.java:79)
	at cucumber.api.testng.TestNGCucumberRunner.runScenario(TestNGCucumberRunner.java:84)
	at cucumber.api.testng.AbstractTestNGCucumberTests.runScenario(AbstractTestNGCucumberTests.java:22)
	at java.base/jdk.internal.reflect.NativeMethodAccessorImpl.invoke0(Native Method)
	at java.base/jdk.internal.reflect.NativeMethodAccessorImpl.invoke(NativeMethodAccessorImpl.java:62)
	at java.base/jdk.internal.reflect.DelegatingMethodAccessorImpl.invoke(DelegatingMethodAccessorImpl.java:43)
	at java.base/java.lang.reflect.Method.invoke(Method.java:566)
	at org.testng.internal.MethodInvocationHelper.invokeMethod(MethodInvocationHelper.java:86)
	at org.testng.internal.Invoker.invokeMethod(Invoker.java:645)
	at org.testng.internal.Invoker.invokeTestMethod(Invoker.java:822)
	at org.testng.internal.Invoker.invokeTestMethods(Invoker.java:1130)
	at org.testng.internal.TestMethodWorker.invokeTestMethods(TestMethodWorker.java:129)
	at org.testng.internal.TestMethodWorker.run(TestMethodWorker.java:112)
	at org.testng.TestRunner.privateRun(TestRunner.java:782)
	at org.testng.TestRunner.run(TestRunner.java:632)
	at org.testng.SuiteRunner.runTest(SuiteRunner.java:366)
	at org.testng.SuiteRunner.runSequentially(SuiteRunner.java:361)
	at org.testng.SuiteRunner.privateRun(SuiteRunner.java:319)
	at org.testng.SuiteRunner.run(SuiteRunner.java:268)
	at org.testng.SuiteRunnerWorker.runSuite(SuiteRunnerWorker.java:52)
	at org.testng.SuiteRunnerWorker.run(SuiteRunnerWorker.java:86)
	at org.testng.TestNG.runSuitesSequentially(TestNG.java:1244)
	at org.testng.TestNG.runSuitesLocally(TestNG.java:1169)
	at org.testng.TestNG.run(TestNG.java:1064)
	at org.testng.remote.RemoteTestNG.run(RemoteTestNG.java:113)
	at org.testng.remote.RemoteTestNG.initAndRun(RemoteTestNG.java:206)
	at org.testng.remote.RemoteTestNG.main(RemoteTestNG.java:177)
	at ✽.user is in CRMPro Url(src/test/java/features/Login.feature:14)
]]>
    </error>
  </testcase> <!-- runScenario -->
  <testcase classname="testRunner.UnitTest" name="runScenario" time="8.260">
    <error message="Receiver class cucumber.runtime.java.JavaStepDefinition does not define or inherit an implementation of the resolved method abstract matchedArguments(Lgherkin/pickles/PickleStep;)Ljava/util/List; of interface cucumber.runtime.StepDefinition." type="java.lang.AbstractMethodError">
      <![CDATA[java.lang.AbstractMethodError: Receiver class cucumber.runtime.java.JavaStepDefinition does not define or inherit an implementation of the resolved method abstract matchedArguments(Lgherkin/pickles/PickleStep;)Ljava/util/List; of interface cucumber.runtime.StepDefinition.
	at cucumber.runtime.RuntimeGlue.stepDefinitionMatches(RuntimeGlue.java:77)
	at cucumber.runtime.RuntimeGlue.stepDefinitionMatch(RuntimeGlue.java:63)
	at cucumber.runner.Runner.addTestStepsForPickleSteps(Runner.java:109)
	at cucumber.runner.Runner.createTestCaseForPickle(Runner.java:98)
	at cucumber.runner.Runner.runPickle(Runner.java:79)
	at cucumber.api.testng.TestNGCucumberRunner.runScenario(TestNGCucumberRunner.java:84)
	at cucumber.api.testng.AbstractTestNGCucumberTests.runScenario(AbstractTestNGCucumberTests.java:22)
	at java.base/jdk.internal.reflect.NativeMethodAccessorImpl.invoke0(Native Method)
	at java.base/jdk.internal.reflect.NativeMethodAccessorImpl.invoke(NativeMethodAccessorImpl.java:62)
	at java.base/jdk.internal.reflect.DelegatingMethodAccessorImpl.invoke(DelegatingMethodAccessorImpl.java:43)
	at java.base/java.lang.reflect.Method.invoke(Method.java:566)
	at org.testng.internal.MethodInvocationHelper.invokeMethod(MethodInvocationHelper.java:86)
	at org.testng.internal.Invoker.invokeMethod(Invoker.java:645)
	at org.testng.internal.Invoker.invokeTestMethod(Invoker.java:822)
	at org.testng.internal.Invoker.invokeTestMethods(Invoker.java:1130)
	at org.testng.internal.TestMethodWorker.invokeTestMethods(TestMethodWorker.java:129)
	at org.testng.internal.TestMethodWorker.run(TestMethodWorker.java:112)
	at org.testng.TestRunner.privateRun(TestRunner.java:782)
	at org.testng.TestRunner.run(TestRunner.java:632)
	at org.testng.SuiteRunner.runTest(SuiteRunner.java:366)
	at org.testng.SuiteRunner.runSequentially(SuiteRunner.java:361)
	at org.testng.SuiteRunner.privateRun(SuiteRunner.java:319)
	at org.testng.SuiteRunner.run(SuiteRunner.java:268)
	at org.testng.SuiteRunnerWorker.runSuite(SuiteRunnerWorker.java:52)
	at org.testng.SuiteRunnerWorker.run(SuiteRunnerWorker.java:86)
	at org.testng.TestNG.runSuitesSequentially(TestNG.java:1244)
	at org.testng.TestNG.runSuitesLocally(TestNG.java:1169)
	at org.testng.TestNG.run(TestNG.java:1064)
	at org.testng.remote.RemoteTestNG.run(RemoteTestNG.java:113)
	at org.testng.remote.RemoteTestNG.initAndRun(RemoteTestNG.java:206)
	at org.testng.remote.RemoteTestNG.main(RemoteTestNG.java:177)
	at ✽.user is in CRMPro Url(src/test/java/features/Login.feature:8)
]]>
    </error>
  </testcase> <!-- runScenario -->
</testsuite> <!-- testRunner.UnitTest -->
